[    0.000000] Linux version 4.15.0-64-generic (buldd@lgw01-amd64-038) (gcc version 7.4.0 (Ubuntu 7.4.0-1ubuntu1~18.04.1)) #73-Ubuntu SMP Thu Sep 12 13:16:13 UTC 2019 (Ubuntu 4.15.0-64.73-generic 4.15.18)
[    0.000000] Command line: BOOT_IMAGE=/boot/vmlinuz-4.15.0-64-generic root=UUID=c02109eb-aaf8-4e91-a745-4f0acf6e8c1a ro console=tty1 console=ttyS0
[    0.000000] KRNEL supported cpus:
[    0.000000]   Intel GenuineIntel
[    0.000000]   AMDAuthenticAMD
[    0.000000]   Centur CentaurHauls
[    0.000000] x86/fpu: Supporting XSAVE feature 0x001: 'x87loating point registers'
[    0.000000 x86/fpu: Supporting XSAVE feature 0x002: 'SSE registers'
[    0.000000] x86/fpu: Supporting XSAVE feature 0x004: 'AVX registers'
[    0.00000] x86/fpu: xstate_offset[2]:  576, xstate_sizes[2]:  256
[    0.000000] x86/fpu: Enabled xstate features 0x7, context size is 832 bytes, using 'standard' format.
[    0.000000] e820: BIOS-provided physical RAM map:
[    0.000000] BIOS-e820: [mem 0x0000000000000000-0x000000000009fbff] usable
[    0.000000] BIOS-e820: [mem 0x000000000009fc00-0x000000000009ffff] reserved
[    0.000000] BIOS-e820: [mem 0x00000000000f0000-0x00000000000fffff] reserved
[    0.000000] BIOS-e820: [mem 0x0000000000100000-0x000000003ffeffff] usable
[    0.000000] BIOS-e820: [mem 0x000000003fff0000-0x000000003fffffff] ACPI data
[    0.000000] BIOS-e820: [mem 0x00000000fec00000-0x00000000fec00fff] reserved
[    0.000000] BIOS-e820: [mem 0x00000000fee00000-0x00000000fee00fff] reserved
[    0.000000] BIOS-e820: [mem 0x00000000fffc0000-0x00000000ffffffff] reserved
[    0.000000] NX (Execute Disable) protection: active
[    0.000000] SMBIOS 2.5 present.
[    0.000000] DMI: innotek GmbH VirtualBox/VirtualBox, BIOS VirtualBox 12/01/2006
[    0.000000] Hypervisor detected: KVM
[    0.000000] e820: last_pfn = 0x3fff0 max_arch_pfn = 0x400000000
[    0.000000] MTRR: Disabled
[    0.000000] x86/PAT: MTRRs disabled, skipping PAT initialization too.
[    0.000000] CPU MTRRs all blank - virtualized system.
[    0.000000] x86/PAT: Configuration [0-7]: WB  WT  UC- UC  WB  WT  UC- UC  
[    0.000000] found SMP MP-table at [mem 0x0009fff0-0x0009ffff]
[    0.000000] Scanning 1 areas for low memory corruption
[    0.000000] RAMDISK: [mem 0x35987000-0x36cbafff]
[    0.000000] ACPI: Early table checksumverification disabled
[   .000000] AC: RSDP 0x00000000000E0000 000024 (v02 VBOX  
[    0.000000] ACPI: XSDT 0x000000003FFF0030 00003C (v01 VBOX   VBOXXSDT 00000001 ASL  00000061)
[    0.000000] ACPI: FACP 0x000000003FFF00F0 0000F4 (v04 VBOX   VBOXFACP 00000001 ASL  00000061)
[    0.000000] ACPI: DSDT 0x000000003FFF0470 0021FF (v02 VBOX   VBOXBIOS 00000002 INT 20100528)
[    0.000000] ACPI: FACS 0x000000003FFF0200 000040
[    0.000000] ACPI: FACS 0x000000003FFF0200 000040
[    0.000000] ACPI: APIC 0x000000003FFF0240 00005C (v02 VBOX   VBOXAPIC 00000001 ASL  00000061)
[    0.000000] ACPI: SSDT 0x000000003FFF02A0 0001CC (v01 VBOX   VBOXCPUT 00000002 INTL 20100528)
[    0.000000] No NUMA configuration found
[    0000000] Faking a node at [mem 0x0000000000000000-0x000000003ffeffff]
[    0.000000] NODE_DATA(0) allocated [mem 0x3ffc5000-0x3feffff]
[    0.000000] kvm-clock: cpu 0, msr 0:3ff44001,primary cpu clock
[    0.000000]kvm-clock: Using msrs 4b564d01 and 4b564d00
[    0.000000] kvm-clock: using sched offset of 5792276312 cycles
[    0.000000] clocksource: kvm-clock: mask: 0xffffffffffffffff max_cycles: 0x1cd42e4dffb, max_idle_ns: 881590591483 ns
[    0.000000] Zone ranges:
[    0.000000]   DMA      [mem 0x0000000000001000-0x0000000000ffffff]
[    0.000000]   DMA32    [mem 0x0000000001000000-0x000000003ffeffff]
[    0.000000]   Normal   empty
[    0.000000]   Device   empty
[    0.000000] Movable zone start for each node
[    0.000000] Early memory node ranges
[    0.000000]   node   0: [mem 0x0000000000001000-0x000000000009efff]
[    0.000000]   node   0: [mem 0x0000000000100000-0x000000003ffeffff]
[    0.000000] Reserved but unavailable: 98 pages
[    0.000000] Initmem setup node 0 [mem 0x0000000000001000-0x000000003ffeffff]
[    0.000000] ACPI: PM-Timer IO Port: 0x4008
[    0.000000] IOAPIC[0]: apic_id 2, version 32, address 0xfec00000, GSI 0-23
[    0.000000] ACPI: INT_SRC_OVR (bus 0 bus_irq 0 global_irq 2 dfl dfl)
[    0.000000] ACPI: INT_SRC_OVR (bus 0 bus_irq 9 global_irq 9 low level)
[    0.000000] Using ACPI (MADT) for SMP configuration information
[    0.000000] smpboot: Allowing 2 CPUs, 0 hotplug CPUs
[    0.000000] PM: Registered nosave memory: [mem 0x00000000-0x00000fff]
[    0.000000] PM: Registered nosave memory: [mem 0x0009f000-0x0009ffff]
[    0.000000] PM: Registered nosave memory: [mem 0x000a0000-0x000effff]
[    0.000000] PM: Registered nosave memory: [mem 0x000f0000-0x000fffff]
[    0.000000] e820: [mem 0x40000000-0xfebfffff] availabe fr PCI devces
[    0.000000] Booting paravirtuaized kernel on KVM
[    0.000000] clocksource: refined-jiffies: mask: 0xffffffff max_cycles: 0xffffffff, max_idle_ns: 7645519600211568 ns
[    0.000000] random: get_random_bytes called from start_kernel+0x99/0x4fd with crng_init=0
[    0.000000] setup_percpu: NR_CPUS:8192 nr_cpumask_bits:2 nr_cpu_ids:2 nr_node_ids:1
[    0.000000] percpu: Embedded 46 pages/cpu s151552 r8192 d2872 u1048576
[    0.000000] PV qspinlock hash table entries: 256 (order: 0, 4096 bytes)
[    0.000000] But 1 zonelists, mobility grouping on.  Total pages: 257913[    0.000000] Policy zone: DMA32
[    0.000000] Kernel command line: BOOT_IMAGE=/boot/vmlinuz-4.15.0-64-generic root=UUID=c02109eb-aaf8-4e1-a745-4f0acf6e8c1a ro consle=tty1 console=ttyS0
[    0.000000] Memory: 982920K/1048120K available (12300K kernel code, 2481K rwdata, 4172K rodata, 2436K init, 2384K bss, 65200K reserved, 0K cma-reserved)
[    0.000000] SLUB: HWalign=64, Order=0-3, MinObjects=0, CPUs=2, Nodes=1
[    0.000000] Kernel/User page tables isolation: enabled
[   0.0000] ftrace: allocating 39306 entries in 154 pages
[   0.004000] Hiearchical RCU implementation.
[    0.004000] 	RCU restricting CPUs from NR_CPUS=8192 to nr_cpu_ids=2.
[    0.004000] 	Tasks RCU enabled.
[    0.004000] RCU: Adjusting geometry for rcu_fanout_leaf=16, nr_cpu_ids=2
[    0.004000] NR_IRQS: 524544, nr_irqs: 440, preallocated irqs: 16
[    0.004000] Console: colour VGA+ 80x25
[    0.004000] consol [tty1] enaled
[    0.004000] console [ttyS0] enabled
[    0.004000] ACPI: Core revision 20170831
[   0.004000] ACPI: 2 ACPI AML abes succesflly acquird nd loaded
[    0.004000] APIC: Switch to symmetric I/O mode setup
[    0.004251] x2apic enabled
[    0.008005] Switched APIC routing to physical x2apic.
[    0.013567] ..TIMER: vector=0x30 apic1=0 pin1=2 apic2=-1 pin2=-1
[    0.016007] tsc: Detected 1607.999 MHz processor
[    0.017262] Calibrating delay loop (skipped) preset value.. 3215.99 BogoMIPS (lpj=6431996)
[    0.020006] pid_max: default: 32768 minimum: 301
[    0.024044] Security Framework initialized
[    0.028010] Yama: becoming mindful.
[    0.029246] AppArmor: AppArmor initialized
[    0.033445] Dentry cache hash table entries: 131072 (order: 8, 1048576 bytes)
[    0.036065] Inode-cache hash table entries: 65536 (order: 7, 524288 bytes)
[    0.040121] Mount-cache hash table entries: 2048 (order: 2, 16384 bytes)
[    0.044017] Mountpoint-cache hash table entries: 2048 (order: 2, 16384 bytes)
[    0.048811] Last level iTLB entries: 4KB 64, 2MB 8, 4MB 8
[    0.052007] Last level dTLB entries: 4KB 64, 2MB 0, 4MB 0, 1GB 4
[    0.056007] Spectre V1 : Mitigation: usercopy/swapgs barriers and __user pointer sanitization
[    0.060009] Spectre V2 : Mitigation: Full generic retpoline
[    0.064005] Spectre V2 : Spectre v2 / SpectreRSB mitigation: Filling RSB on context switch
[    0.066431] Speculative Store Bypass: Vulnerable
[    0.068050] MDS: Vulnerable: Clear CPU buffers attempted, no microcode
[    0.072197] Freeing SMP alternatives memory: 36K
[    0.084000] smpboot: CPU0: Intel(R) Core(TM) i5-8210Y CPU @ 1.60GHz (family: 0x6, model: 0x8e, stepping: 0x9)
[    0.085918] Performance Events: unsupported p6 CPU model 142 no PMU driver, software events only.
[    0.088080] Hierarchical SRCU implementation.
[    0.093054] NMI watchdog: Perf event create on CPU 0 failed with -2
[    0.096020] NMI watchdog: Perf NMI watchdog permanently disabled
[    0.100093] smp: Bringing up secondary CPUs ...
[    0.104115] x86: Booting SMP configuration:
[    0.108003] .... node  #0, CPUs:      #1
[    0.004000] kvm-clock: cpu 1, msr 0:3ff44041, secondary cpu clock
[    0.114680] smp: Brought up 1 node, 2 CPUs
[    0.116010] smpboot: Max logical packages: 1
[    0.120009] smpboot: Total of 2 processors activated (6431.99 BogoMIPS)
[    0.128005] devtmpfs: initialized
[    0.132063] x86/mm: Memory block size: 128MB
[    0.133692] evm: security.selinux
[    0.136004] evm: security.SMACK64
[    0.137158] evm: security.SMACK64EXEC
[    0.138522] evm: security.SMACK64TRANSMUTE
[    0.140005] evm: security.SMACK64MMAP
[    0.144006] evm: security.apparmor
[    0.148010] evm: security.ima
[    0.152009] evm: security.capability
[    0.156126] clocksource: jiffies: mask: 0xffffffff max_cycles: 0xffffffff, max_idle_ns: 7645041785100000 ns
[    0.160041] futex hash table entries: 512 (order: 3, 32768 bytes)
[    0.165924] pinctrl core: initialized pinctrl subsystem
[    0.172150] RTC time:  2:00:37, date: 09/23/19
[    0.176218] NET: Registered protocol family 16
[    0.180064] audit: initializing netlink subsys (disabled)
[    0.184080] audit: type=2000 audit(1569204040.934:1): state=initialized audit_enabled=0 res=1
[    0.224013] cpuidle: using governor ladder
[    0.225350] cpuidle: using governor menu
[    0.226891] ACPI: bus type PCI registered
[    0.228012] acpiphp: ACPI Hot Plug PCI Controller Driver version: 0.5
[    0.232204] PCI: Using configuration type 1 for base access
[    0.240400] HugeTLB registered 2.00 MiB page size, pre-allocated 0 pages
[    0.244159] ACPI: Added _OSI(Module Device)
[    0.248015] ACPI: Added _OSI(Processor Device)
[    0.252021] ACPI: Added _OSI(3.0 _SCP Extensions)
[    0.256007] ACPI: Added _OSI(Processor Aggregator Device)
[    0.260009] ACPI: Added _OSI(Linux-Dell-Video)
[    0.264009] ACPI: Added _OSI(Linux-Lenovo-NV-HDMI-Audio)
[    0.268011] ACPI: Added _OSI(Linux-HPI-Hybrid-Graphics)
[    0.276587] ACPI: Executed 1 blocks of module-level executable AML code
[    0.286322] ACPI: Interpreter enabled
[    0.288035] ACPI: (supports S0 S5)
[    0.292006] ACPI: Using IOAPIC for interrupt routing
[    0.296230] PCI: Using host bridge windows from ACPI; if necessary, use "pci=nocrs" and report a bug
[    0.300396] ACPI: Enabled 2 GPEs in block 00 to 07
[    0.313557] ACPI: PCI Root Bridge [PCI0] (domain 0000 [bus 00-ff])
[    0.316023] acpi PNP0A03:00: _OSC: OS supports [ASPM ClockPM Segments MSI]
[    0.320049] acpi PNP0A03:00: _OSC: not requesting OS control; OS requires [ExtendedConfig ASPM ClockPM MSI]
[    0.324027] acpi PNP0A03:00: fail to add MMCONFIG information, can't access extended PCI configuration space under this bridge.
[    0.328941] PCI host bridge to bus 0000:00
[    0.332010] pci_bus 0000:00: root bus resource [io  0x0000-0x0cf7 window]
[    0.336010] pci_bus 0000:00: root bus resource [io  0x0d00-0xffff window]
[    0.340062] pci_bus 0000:00: root bus resource [mem 0x000a0000-0x000bffff window]
[    0.344013] pci_bus 0000:00: root bus resource [mem 0x40000000-0xfdffffff window]
[    0.348011] pci_bus 0000:00: root bus resource [bus 00-ff]
[    0.359875] pci 0000:00:01.1: legacy IDE quirk: reg 0x10: [io  0x01f0-0x01f7]
[    0.360008] pci 0000:00:01.1: legacy IDE quirk: reg 0x14: [io  0x03f6]
[    0.364014] pci 0000:00:01.1: legacy IDE quirk: reg 0x18: [io  0x0170-0x0177]
[    0.368013] pci 0000:00:01.1: legacy IDE quirk: reg 0x1c: [io  0x0376]
[    0.392569] pci 0000:00:07.0: quirk: [io  0x4000-0x403f] claimed by PIIX4 ACPI
[    0.395030] pci 0000:00:07.0: quirk: [io  0x4100-0x410f] claimed by PIIX4 SMB
[    0.411526] ACPI: PCI Interrupt Link [LNKA] (IRQs 5 9 10 *11)
[    0.412483] ACPI: PCI Interrupt Link [LNKB] (IRQs 5 9 *10 11)
[    0.416177] ACPI: PCI Interrupt Link [LNKC] (IRQs 5 *9 10 11)
[    0.420172] ACPI: PCI Interrupt Link [LNKD] (IRQs 5 9 10 *11)
[    0.428395] SCSI subsystem initialized
[    0.429478] pci 0000:00:02.0: vgaarb: setting as boot VGA device
[    0.429687] pci 0000:00:02.0: vgaarb: VGA device added: decodes=io+mem,owns=io+mem,locks=none
[    0.432012] pci 0000:00:02.0: vgaarb: bridge control possible
[    0.433883] vgaarb: loaded
[    0.435032] ACPI: bus type USB registered
[    0.436034] usbcore: registered new interface driver usbfs
[    0.437862] usbcore: registered new interface driver hub
[    0.440061] usbcore: registered new device driver usb
[    0.444114] EDAC MC: Ver: 3.0.0
[    0.452273] PCI: Using ACPI for IRQ routing
[    0.456657] NetLabel: Initializing
[    0.460009] NetLabel:  domain hash size = 128
[    0.464002] NetLabel:  protocols = UNLABELED CIPSOv4 CALIPSO
[    0.465389] NetLabel:  unlabeled traffic allowed by default
[    0.466847] clocksource: Switched to clocksource kvm-clock
[    0.480415] VFS: Disk quotas dquot_6.6.0
[    0.481612VF: Dquot-cahe hash table entries: 512 (order 0, 96ytes)
[    0.793275] AppArmor: AppArmor Filesystm nale
[    0.902569] pnp: PnP ACPI init
[   .9051] np PP ACPI: ound 3 devices
[    1.119352] clocksource: acpi_pm: mask: 0xffffff max_cycles: 0xffffff, max_lens 20870102 n
[   .294260] NET Rgisred procol mily 2
[    1.6053]TCP establishe hash table entries: 8192 (order: 4, 65536 bytes)
[    1.726608] TCP bind hash table entries: 8192 (order: 5, 131072 bytes)
[    1.730332] TCP: Hash tables configured (stablished 8192 bind 8192)
[    1.776813] UDP hash table entries: 52 (order2, 1684 bytes)

[    1.899170] UDP-Lite hash tleenries: 12(ode: 2, 16384 btes)
[   .174436] NET: Registered protocol family 1
[    2.224630] pci 0000:00:00.0: Limiting direct PCI/PCI transfers
[    2.226392] pci 0000:00:01.0: Activating ISA DMAan workarounds
[    2.305630] pci 0000:00:02.0: dedeic wthhaow R a[mm x00c0000-000dffff]
[  2.843] Unacking iniramfs...
[    3.428069] Freeing initrd memory: 19664K
[    3.446375] clocksource: tsc: mask: 0xffffffffffffffff max_cycles: 0x172da94f0e2, max_idle_ns: 440795278248 ns
[    3.478554] platform rtc_cmos: registered platform RTC device (no PNP device found)
[    3.507175] Scanning for low memory corruption every 60 seconds
[    3.552059] Initialise system trusted keyrings
[    3.582477] Key type blacklist registered
[    3.614282] workingset: timestamp_bits=36 max_order=18 bucket_order=0
[    3.660808] zbud: loaded
[    3.662333] squashfs: version 4.0 (2009/01/31) Phillip Lougher
[    3.694271] fuse init (API version 7.26)
[    3.724758] Key type asymmetric registered
[    3.731628] Asymmetric key parser 'x509' registered
[    3.773302] Block layer SCSI generic (bsg) driver version 0.4 loaded (major 246)
[    3.791935] io scheduler noop registered
[    3.809336] io scheduler deadline registered
[    3.810785] io scheduler cfq registered (default)
[    3.831090] ACPI: AC Adapter [AC] (off-line)
[    3.848274] input: Power Button as /devices/LNXSYSTM:00/LNXPWRBN:00/input/input0
[    3.867467] ACPI: Power Button [PWRF]
[    3.868639] input: Sleep Button as /devices/LNXSYSTM:00/LNXSLPBN:00/input/input1
[    3.870607] ACPI: Sleep Button [SLPF]
[    3.891700] ACPI: Battery Slot [BAT0] (battery present)
[    3.894774] Serial: 8250/16550 driver, 32 ports, IRQ sharing enabled
[    3.921721] 00:02: ttyS0 at I/O 0x3f8 (irq = 4, base_baud = 115200) is a 16550A
[    3.945895] Linux agpgart interface v0.103
[    3.962010] loop: module loaded
[    3.973018] scsi host0: ata_piix
[    3.974454] scsi host1: ata_piix
[    3.975619] ata1: PATA max UDMA/33 cmd 0x1f0 ctl 0x3f6 bmdma 0xd000 irq 14
[    4.002831] ata2: PATA max UDMA/33 cmd 0x170 ctl 0x376 bmdma 0xd008 irq 15
[    4.011202] libphy: Fixed MDIO Bus: probed
[    4.014073] tun: Universal TUN/TAP device driver, 1.6
[    4.017317] PPP generic driver version 2.4.2
[    4.019920] ehci_hcd: USB 2.0 'Enhanced' Host Controller (EHCI) Driver
[    4.029662] ehci-pci: EHCI PCI platform driver
[    4.031728] ehci-platform: EHCI generic platform driver
[    4.039908] ohci_hcd: USB 1.1 'Open' Host Controller (OHCI) Driver
[    4.042267] ohci-pci: OHCI PCI platform driver
[    4.050104] ohci-platform: OHCI generic platform driver
[    4.058000] uhci_hcd: USB Universal Host Controller Interface driver
[    4.061673] i8042: PNP: PS/2 Controller [PNP0303:PS2K,PNP0f03:PS2M] at 0x60,0x64 irq 1,12
[    4.067610] serio: i8042 KBD port at 0x60,0x64 irq 1
[    4.070038] serio: i8042 AUX port at 0x60,0x64 irq 12
[    4.079207] mousedev: PS/2 mouse device common for all mice
[    4.084205] input: AT Translated Set 2 keyboard as /devices/platform/i8042/serio0/input/input2
[    4.088457] rtc_cmos rtc_cmos: rtc core: registered rtc_cmos as rtc0
[    4.125689] rtc_cmos rtc_cmos: alarms up to one day, 114 bytes nvram
[    4.153098] i2c /dev entries driver
[    4.172822] device-mapper: uevent: version 1.0.3
[    4.222453] device-mapper: ioctl: 4.37.0-ioctl (2017-09-20) initialised: dm-devel@redhat.com
[    4.236203] ledtrig-cpu: registered to indicate activity on CPUs
[    4.248439] NET: Registered protocol family 10
[    4.264500] Segment Routing with IPv6
[    4.273737] NET: Registered protocol family 17
[    4.293671] Key type dns_resolver registered
[    4.300098] mce: Using 0 MCE banks
[    4.331327] RAS: Correctable Errors collector initialized.
[    4.345683] sched_clock: Marking stable (4345637323, 0)->(8420501629, -4074864306)
[    4.371783] registered taskstats version 1
[    4.383779] Loading compiled-in X.509 certificates
[    4.424413] Loaded X.509 cert 'Build time autogenerated kernel key: 9ff85db0b1f72c0c954e4d2eaca5a9366845820b'
[    4.467631] zswap: loaded using pool lzo/zbud
[    4.502497] Key type big_key registered
[    4.542677] Key type trusted registered
[    4.563898] Key type encrypted registered
[    4.578437] AppArmor: AppArmor sha1 policy hashing enabled
[    4.616093] ima: No TPM chip found, activating TPM-bypass! (rc=-19)
[    4.625724] ima: Allocated hash algorithm: sha1
[    4.645510] evm: HMAC attrs: 0x1
[    4.676245]   Magic number: 3:916:5
[    4.691704] rtc_cmos rtc_cmos: setting system clock to 2019-09-23 02:00:42 UTC (1569204042)
[    4.710295] BIOS EDD facility v0.16 2004-Jun-25, 0 devices found
[    4.746910] EDD information not available.
[    4.752686] Freeing unused kernel image memory: 2436K
[    4.796355] Write protecting the kernel read-only data: 20480k
[    4.841268] Freeing unused kernel image memory: 2008K
[    4.877189] Freeing unused kernel image memory: 1972K
[    4.898262] x86/mm: Checked W+X mappings: passed, no W+X pages found.
[    4.992956] x86/mm: Checking user space page tables
[    5.034278] x86/mm: Checked W+X mappings: passed, no W+X pages found.
Loading, please wait...
starting version 237
[    5.188057] e1000: Intel(R) PRO/1000 Network Driver - version 7.3.21-k8-NAPI
[    5.198490] Fusion MPT base driver 3.04.20
[    5.220446] e1000: Copyright (c) 1999-2006 Intel Corporation.
[    5.250451] Copyright (c) 1999-2008 LSI Corporation
[    5.307890] AVX2 version of gcm_enc/dec engaged.
[    5.325295] AES CTR mode by8 optimization enabled
[    5.333075] Fusion MPT SPI Host driver 3.04.20
[    5.481634] input: ImExPS/2 Generic Explorer Mouse as /devices/platform/i8042/serio1/input/input4
[    5.806237] e1000 0000:00:03.0 eth0: (PCI:33MHz:32-bit) 02:a9:3e:be:bb:aa
[    7.077388] e1000 0000:00:03.0 eth0: Intel(R) PRO/1000 Network Connection
[    7.085709] mptbase: ioc0: Initiating bringup
[    7.516927] ioc0: LSI53C1030 A0: Capabilities={Initiator}
[    8.154059] scsi host2: ioc0: LSI53C1030 A0, FwRev=00000000h, Ports=1, MaxQ=256, IRQ=20
[    8.698345] scsi 2:0:0:0: Direct-Access     VBOX     HARDDISK         1.0  PQ: 0 ANSI: 5
[    8.736530] scsi target2:0:0: Beginning Domain Validation
[    8.747169] scsi target2:0:0: Domain Validation skipping write tests
[    8.758551] scsi target2:0:0: Ending Domain Validation
[    8.769064] scsi target2:0:0: asynchronous
[    8.771991] scsi 2:0:1:0: Direct-Access     VBOX     HARDDISK         1.0  PQ: 0 ANSI: 5
[    8.996112] scsi target2:0:1: Beginning Domain Validation
[    9.014981] random: fast init done
[    9.031381] scsi target2:0:1: Domain Validation skipping write tests
[    9.047244] scsi target2:0:1: Ending Domain Validation
[    9.057462] scsi target2:0:1: asynchronous
[    9.069998] random: systemd-udevd: uninitialized urandom read (16 bytes read)
[    9.073209] random: systemd-udevd: uninitialized urandom read (16 bytes read)
[    9.083695] sd 2:0:0:0: Attached scsi generic sg0 type 0
[    9.086084] sd 2:0:0:0: [sda] 20971520 512-byte logical blocks: (10.7 GB/10.0 GiB)
[    9.091591] sd 2:0:1:0: Attached scsi generic sg1 type 0
[    9.102833] sd 2:0:0:0: [sda] Write Protect is off
[    9.114667] sd 2:0:1:0: [sdb] 20480 512-byte logical blocks: (10.5 MB/10.0 MiB)
[    9.122275] random: systemd-udevd: uninitialized urandom read (16 bytes read)
[    9.153927] sd 2:0:0:0: [sda] Incomplete mode parameter data
[    9.156254] sd 2:0:0:0: [sda] Assuming drive cache: write through
[    9.158248] sd 2:0:1:0: [sdb] Write Protect is off
[    9.170247] sd 2:0:1:0: [sdb] Incomplete mode parameter data
[    9.172040] sd 2:0:1:0: [sdb] Assuming drive cache: write through
[    9.178054]  sda: sda1
[    9.187364] sd 2:0:0:0: [sda] Attached SCSI disk
[    9.206527] sd 2:0:1:0: [sdb] Attached SCSI disk
[    9.518512] e1000 0000:00:08.0 eth1: (PCI:33MHz:32-bit) 08:00:27:48:aa:d3
[   10.609808] e1000 0000:00:08.0 eth1: Intel(R) PRO/1000 Network Connection
[   11.519654] e1000 0000:00:03.0 enp0s3: renamed from eth0
[   11.548594] e1000 0000:00:08.0 enp0s8: renamed from eth1
Begin: Loading essential drivers ... [   13.048857] raid6: sse2x1   gen()  6465 MB/s
[   13.109244] raid6: sse2x1   xor()  3781 MB/s
[   13.168192] raid6: sse2x2   gen()  9489 MB/s
[   13.221372] raid6: sse2x2   xor()  5927 MB/s
[   13.268111] raid6: sse2x4   gen()  8535 MB/s
[   13.324021] raid6: sse2x4   xor()  4428 MB/s
[   13.388130] raid6: avx2x1   gen() 15215 MB/s
[   13.440189] raid6: avx2x1   xor() 11288 MB/s
[   13.492585] raid6: avx2x2   gen() 20420 MB/s
[   13.540316] raid6: avx2x2   xor() 12118 MB/s
[   13.592309] raid6: avx2x4   gen() 21448 MB/s
[   13.640422] raid6: avx2x4   xor()  5041 MB/s
[   13.645527] raid6: using algorithm avx2x4 gen() 21448 MB/s
[   13.656337] raid6: .... xor() 5041 MB/s, rmw enabled
[   13.668248] raid6: using avx2x2 recovery algorithm
[   13.682604] xor: automatically using best checksumming function   avx       
[   13.690949] async_tx: api initialized (async)
done.
Begin: Running /scripts/init-premount ... done.
Begin: Mounting root file system ... Begin: Running /scripts/local-top ... done.
Begin: Running /scripts/local-premount ... [   13.755231] Btrfs loaded, crc32c=crc32c-intel
Scanning for Btrfs filesystems
done.
Warning: fsck no[   13.823267] EXT4-fs (sda1): mounted filesystem with ordered data mode. Opts: (null)
t present, so skipping root file system
done.
Begin: Running /scripts/local-bottom ... done.
Begin: Running /scripts/init-bottom ... done.
[   14.161593] ip_tables: (C) 2000-2006 Netfilter Core Team
[   14.195331] systemd[1]: systemd 237 running in system mode. (+PAM +AUDIT +SELINUX +IMA +APPARMOR +SMACK +SYSVINIT +UTMP +LIBCRYPTSETUP +GCRYPT +GNUTLS +ACL +XZ +LZ4 +SECCOMP +BLKID +ELFUTILS +KMOD -IDN2 +IDN -PCRE2 default-hierarchy=hybrid)
[   14.239714] systemd[1]: Detected virtualization oracle.
[   14.242670] systemd[1]: Detected architecture x86-64.

Welcome to [1mUbuntu 18.04.3 LTS[0m!

[   14.277296] systemd[1]: Set hostname to <ubuntu-bionic>.
[   14.956639] systemd[1]: Created slice System Slice.
[[0;32m  OK  [0m] Created slice System Slice.
[   14.981025] systemd[1]: Listening on Journal Audit Socket.
[[0;32m  OK  [0m] Listening on Journal Audit Socket.
[   15.020867] systemd[1]: Listening on Device-mapper event daemon FIFOs.
[[0;32m  OK  [0m] Listening on Device-mapper event daemon FIFOs.
[   15.053457] systemd[1]: Listening on Network Service Netlink Socket.
[[0;32m  OK  [0m] Listening on Network Service Netlink Socket.
[   15.087828] systemd[1]: Listening on LVM2 poll daemon socket.
[[0;32m  OK  [0m] Listening on LVM2 poll daemon socket.
[   15.129458] systemd[1]: Created slice system-serial\x2dgetty.slice.
[[0;32m  OK  [0m] Created slice system-serial\x2dgetty.slice.
[[0;32m  OK  [0m] Listening on Journal Socket.
         Mounting Kernel Debug File System...
         Mounting POSIX Message Queue File System...
         Starting Remount Root and Kernel File Systems...
         Starting Set the console keyboard layout...
[   15.255304] EXT4-fs (sda1): re-mounted. Opts: (null)
         Mounting Huge Pages File System...
[[0;32m  OK  [0m] Reached target System Time Synchronized.
[[0;32m  OK  [0m] Reached target User and Group Name Lookups.
[[0;32m  OK  [0m] Set up automount Arbitrary Executab…rmats File System Automount Point.
         Starting Load Kernel Modules...
[[0;32m  OK  [0m] Listening on Journal Socket (/dev/log).
[   15.449582] Loading iSCSI transport class v2.0-870.
[[0;32m  OK  [0m] Listening on udev Kernel Socket.
[[0;32m  OK  [0m] Listening on LVM2 metadata d[   15.508661] iscsi: registered transport (tcp)
aemon socket.
         Starting Monitoring of LVM2 mirrors…ng dmeventd or progress polling...
[[0;32m  OK  [0m] Listening on udev Control Socket.
         Starting udev Coldplug all Devices...
[[0;32m  OK  [0m] Listening on /dev/initctl Compatibility Named Pipe.
[[0;32m  OK  [0m] Reached target Swap.
[[0;32m  OK  [0m] Started Forward Password Requests to Wall Directory Watch.
         Starting Uncomplicated firewall...
         Starting Create list of required st…ce nodes for the current kernel...
[[0;32m  OK  [0m] Created slice User and Session Slice.
[[0;32m  OK  [0m] Reached target Slices.
[[0;32m  OK  [0m] Listening on Syslog Socket.
         Starting Journal Service...
[[0;32m  OK  [0m] Mounted Kernel Debug File System.
[[0;32m  OK  [0m] Mounted POSIX Message Queue File System.
[   16.328253] iscsi: registered transport (iser)
[[0;32m  OK  [0m] Started Remount Root and Kernel File Systems.
[[0;32m  OK  [0m] Mounted Huge Pag[   16.359111] random: crng init done
[   16.362166] random: 7 urandom warning(s) missed due to ratelimiting
es File System.
[[0;32m  OK  [0m] Started Load Kernel Modules.
[[0;32m  OK  [0m] Started Uncomplicated firewall.
[[0;32m  OK  [0m] Started Create list of required sta…vice nodes for the current kernel.
[[0;32m  OK  [0m] Started LVM2 metadata daemon.
         Starting Create Static Device Nodes in /dev...
         Mounting FUSE Control File System...
         Mounting Kernel Configuration File System...
         Starting Apply Kernel Variables...
         Starting Load/Save Random Seed...
[[0;32m  OK  [0m] Mounted FUSE Control File System.
[[0;32m  OK  [0m] Mounted Kernel Configuration File System.
[[0;32m  OK  [0m] Started Load/Save Random Seed.
[[0;32m  OK  [0m] Started Create Static Device Nodes in /dev.
         Starting udev Kernel Device Manager...
[[0;32m  OK  [0m] Started Journal Service.
[[0;32m  OK  [0m] Started Monitoring of LVM2 mirrors,…sing dmeventd or progress polling.
         Starting Flush Journal to Persistent Storage...
[[0;32m  OK  [0m] Started udev Coldplug all Devices.
[[0;32m  OK  [0m] Started Apply Kernel Variables.
[[0;32m  OK  [0m] Started udev Kernel Device Manager.
[[0;32m  OK  [0m] Started Flush Journal to Persistent Storage.
[[0;32m  OK  [0m] Found device /dev/ttyS0.
[[0;32m  OK  [0m] Listening on Load/Save RF Kill Switch Status /dev/rfkill Watch.
[[0;32m  OK  [0m] Started Set the console keyboard layout.
[[0;32m  OK  [0m] Reached target Local File Systems (Pre).
[[0;32m  OK  [0m] Reached target Local File Systems.
         Starting ebtables ruleset management...
         Starting Set console font and keymap...
         Starting Tell Plymouth To Write Out Runtime Data...
         Starting Create Volatile Files and Directories...
         Starting AppArmor initialization...
[[0;32m  OK  [0m] Started Dispatch Password Requests to Console Directory Watch.
[[0;32m  OK  [0m] Reached target Local Encrypted Volumes.
[[0;32m  OK  [0m] Started Set console font and keymap.
[[0;32m  OK  [0m] Started Tell Plymouth To Write Out Runtime Data.
[[0;32m  OK  [0m] Started ebtables ruleset management.
[[0;32m  OK  [0m] Started Create Volatile Files and Directories.
         Starting Update UTMP about System Boot/Shutdown...
[[0;32m  OK  [0m] Started Update UTMP about System Boot/Shutdown.
[[0;32m  OK  [0m] Started AppArmor initialization.
         Starting Initial cloud-init job (pre-networking)...
[   20.541749] cloud-init[676]: Cloud-init v. 19.1-1-gbaa47854-0ubuntu1~18.04.1 running 'init-local' at Mon, 23 Sep 2019 02:00:58 +0000. Up 20.28 seconds.
[[0;32m  OK  [0m] Started Initial cloud-init job (pre-networking).
[[0;32m  OK  [0m] Reached target Network (Pre).
         Starting Network Service...
[[0;32m  OK  [0m] Started Network Service.
         Starting Network Name Resolution...
         Starting Wait for Network to be Configured...
[[0;32m  OK  [0m] Started Network Name Resolution.
[[0;32m  OK  [0m] Reached target Host and Network Name Lookups.
[[0;32m  OK  [0m] Reached target Network.
[[0;32m  OK  [0m] Started Wait for Network to be Configured.
         Starting Initial cloud-init job (metadata service crawler)...
[   23.702976] cloud-init[800]: Cloud-init v. 19.1-1-gbaa47854-0ubuntu1~18.04.1 running 'init' at Mon, 23 Sep 2019 02:01:01 +0000. Up 23.25 seconds.
[   23.751158] cloud-init[800]: ci-info: ++++++++++++++++++++++++++++++++++++++Net device info+++++++++++++++++++++++++++++++++++++++
[   23.770535] cloud-init[800]: ci-info: +--------+------+-----------------------------+---------------+--------+-------------------+
[   23.779172] cloud-init[800]: ci-info: | Device |  Up  |           Address           |      Mask     | Scope  |     Hw-Address    |
[   23.798611] cloud-init[800]: ci-info: +--------+------+-----------------------------+---------------+--------+-------------------+
[   23.806142] cloud-init[800]: ci-info: | enp0s3 | True |          10.0.2.15          | 255.255.255.0 | global | 02:a9:3e:be:bb:aa |
[   23.817333] cloud-init[800]: ci-info: | enp0s3 | True |  fe80::a9:3eff:febe:bbaa/64 |       .       |  link  | 02:a9:3e:be:bb:aa |
[   23.822022] cloud-init[800]: ci-info: | enp0s8 | True |        192.168.33.10        | 255.255.255.0 | global | 08:00:27:48:aa:d3 |
[   23.837629] cloud-init[800]: ci-info: | enp0s8 | True | fe80::a00:27ff:fe48:aad3/64 |       .       |  link  | 08:00:27:48:aa:d3 |
[   23.884566] cloud-init[800]: ci-info: |   lo   | True |          127.0.0.1          |   255.0.0.0   |  host  |         .         |
[   23.916451] cloud-init[800]: ci-info: |   lo   | True |           ::1/128           |       .       |  host  |         .         |
[   23.927378] cloud-init[800]: ci-info: +--------+------+-----------------------------+---------------+--------+-------------------+
[   23.940838] cloud-init[800]: ci-info: +++++++++++++++++++++++++++++Route IPv4 info+++++++++++++++++++++++++++++
[   24.017006] cloud-init[800]: ci-info: +-------+--------------+----------+-----------------+-----------+-------+
[[   24.196488] cloud-init[800]: ci-info: | Route | Destination  | Gateway  |     Genmask     | Interface | Flags |
[   24.197057] cloud-init[800]: ci-info: +-------+--------------+----------+-----------------+-----------+-------+
[0;32m  OK  [0m] Started Initial cloud-init job (metadata service crawler).
[   24.197294] cloud-init[800]: ci-info: |   0   |   0.0.0.0    | 10.0.2.2 |     0.0.0.0     |   enp0s3  |   UG  |
[[   24.246204] cloud-init[800]: ci-info: |   1   |   10.0.2.0   | 0.0.0.0  |  255.255.255.0  |   enp0s3  |   U   |
[   24.246648] cloud-init[800]: ci-info: |   2   |   10.0.2.2   | 0.0.0.0  | 255.255.255.255 |   enp0s3  |   UH  |
[   24.247869] cloud-init[800]: ci-info: |   3   | 192.168.33.0 | 0.0.0.0  |  255.255.255.0  |   enp0s8  |   U   |
[   24.250092] cloud-init[800]: ci-info: +-------+--------------+----------+-----------------+-----------+-------+
[   24.251232] cloud-init[800]: ci-info: +++++++++++++++++++Route IPv6 info+++++++++++++++++++
[   24.255699] cloud-init[800]: ci-info: +-------+-------------+---------+-----------+-------+
[0;32m  OK  [0m] Reached target System Initialization.
[   24.258532] cloud-init[800]: ci-info: | Route | Destination | Gateway | Interface | Flags |
[[0;32m  OK  [0m] Started Daily Cleanup of Temporary Directories.
[   24.311414] cloud-init[800]: ci-info: +-------+-------------+---------+-----------+-------+
[   24.316595] cloud-init[800]: ci-info: |   1   |  fe80::/64  |    ::   |   enp0s8  |   U   |
[[   24.328552] cloud-init[800]: ci-info: |   2   |  fe80::/64  |    ::   |   enp0s3  |   U   |
[   24.328823] cloud-init[800]: ci-info: |   4   |    local    |    ::   |   enp0s3  |   U   |
[0;32m  OK  [0m] Started ACPI Events Check.
[   24.329156] cloud-init[800]: ci-info: |   5   |    local    |    ::   |   enp0s8  |   U   |
[   24.604025] cloud-init[800]: ci-info: |   6   |   ff00::/8  |    ::   |   enp0s8  |   U   |
[   24.608676] cloud-init[800]: ci-info: |   7   |   ff00::/8  |    ::   |   enp0s3  |   U   |
[[   24.611243] cloud-init[800]: ci-info: +-------+-------------+---------+-----------+-------+
[0;32m  OK  [0m] Started Message of the Day.
[[0;32m  OK  [0m] Listening on Open-iSCSI iscsid Socket.
[[0;32m  OK  [0m] Started Discard unused blocks once a week.
[[0;32m  OK  [0m] Listening on D-Bus System Message Bus Socket.
         Starting Socket activation for snappy daemon.
[[0;32m  OK  [0m] Started Daily apt download activities.
[[0;32m  OK  [0m] Started Daily apt upgrade and clean activities.
[[0;32m  OK  [0m] Reached target Timers.
[[0;32m  OK  [0m] Reached target Paths.
[[0;32m  OK  [0m] Listening on ACPID Listen Socket.
[[0;32m  OK  [0m] Listening on UUID daemon activation socket.
         Starting LXD - unix socket.
[[0;32m  OK  [0m] Reached target Network is Online.
[[0;32m  OK  [0m] Reached target Remote File Systems (Pre).
[[0;32m  OK  [0m] Reached target Remote File Systems.
         Starting Availability of block devices...
[[0;32m  OK  [0m] Reached target Cloud-config availability.
[[0;32m  OK  [0m] Listening on Socket activation for snappy daemon.
[[0;32m  OK  [0m] Listening on LXD - unix socket.
[[0;32m  OK  [0m] Started Availability of block devices.
[[0;32m  OK  [0m] Reached target Sockets.
[[0;32m  OK  [0m] Reached target Basic System.
         Starting Permit User Sessions...
[[0;32m  OK  [0m] Started Regular background program processing daemon.
         Starting LSB: Record successful boot for GRUB...
         Starting Message of the Day...
[[0;32m  OK  [0m] Started FUSE filesystem for LXC.
         Starting LXD - container startup/shutdown...
         Starting Accounts Service...
         Starting LSB: automatic crash report generation...
[[0;32m  OK  [0m] Started Deferred execution scheduler.
         Starting vboxadd.service...
         Starting Dispatcher daemon for systemd-networkd...
         Starting System Logging Service...
[[0;32m  OK  [0m] Started D-Bus System Message Bus.
         Starting OpenBSD Secure Shell server...
         Starting Discard unused blocks...
[[0;32m  OK  [0m] Started irqbalance daemon.
         Starting Login Service...
         Starting Snappy daemon...
[[0;32m  OK  [0m] Started System Logging Service.
[[0;32m  OK  [0m] Started Permit User Sessions.
[[0;32m  OK  [0m] Started LXD - container startup/shutdown.
[[0;32m  OK  [0m] Started Discard unused blocks.
[[0;32m  OK  [0m] Started OpenBSD Secure Shell server.
[[0;32m  OK  [0m] Started Login Service.
[[0;32m  OK  [0m] Started Unattended Upgrades Shutdown.
         Starting Authorization Manager...
         Starting Terminate Plymouth Boot Screen...
         Starting Hold until boot process finishes up...
[[0;32m  OK  [0m] Started Hold until boot process finishes up.
[[0;32m  OK  [0m] Started Terminate Plymouth Boot Screen.
[[0;32m  OK  [0m] Started Serial Getty on ttyS0.
         Starting Set console scheme...
[[0;32m  OK  [0m] Started Set console scheme.
[[0;32m  OK  [0m] Created slice system-getty.slice.
[[0;32m  OK  [0m] Started Getty on tty1.
[[0;32m  OK  [0m] Reached target Login Prompts.
[[0;32m  OK  [0m] Started Dispatcher daemon for systemd-networkd.
[[0;32m  OK  [0m] Started Authorization Manager.
[[0;32m  OK  [0m] Started Accounts Service.
[[0;32m  OK  [0m] Started LSB: Record successful boot for GRUB.
[[0;32m  OK  [0m] Started LSB: automatic crash report generation.
[[0;32m  OK  [0m] Created slice User Slice of vagrant.
         Starting User Manager for UID 1000...
[[0;32m  OK  [0m] Started Session 1 of user vagrant.
[[0;32m  OK  [0m] Started Snappy daemon.
         Starting Wait until snapd is fully seeded...
[[0;32m  OK  [0m] Started vboxadd.service.
         Starting vboxadd-service.service...
[[0;32m  OK  [0m] Started Wait until snapd is fully seeded.
         Starting Apply the settings specified in cloud-config...
[[0;32m  OK  [0m] Started User Manager for UID 1000.
[[0;32m  OK  [0m] Started vboxadd-service.service.
[[0;32m  OK  [0m] Reached target Multi-User System.
[[0;32m  OK  [0m] Reached target Graphical Interface.
         Starting Update UTMP about System Runlevel Changes...
[[0;32m  OK  [0m] Started Update UTMP about System Runlevel Changes.
[[0;32m  OK  [0m] Started Message of the Day.
[   28.165323] cloud-init[1238]: Cloud-init v. 19.1-1-gbaa47854-0ubuntu1~18.04.1 running 'modules:config' at Mon, 23 Sep 2019 02:01:05 +0000. Up 28.00 seconds.
[[0;32m  OK  [0m] Started Apply the settings specified in cloud-config.
         Starting Execute cloud user/final scripts...
[   30.205619] cloud-init[1353]: Cloud-init v. 19.1-1-gbaa47854-0ubuntu1~18.04.1 running 'modules:final' at Mon, 23 Sep 2019 02:01:07 +0000. Up 29.55 seconds.
[   30.218927] cloud-init[1353]: Cloud-init v. 19.1-1-gbaa47854-0ubuntu1~18.04.1 finished at Mon, 23 Sep 2019 02:01:07 +0000. Datasource DataSourceNoCloud [seed=/dev/sdb][dsmode=net].  Up 30.19 seconds
[[0;32m  OK  [0m] Started Execute cloud user/final scripts.
[[0;32m  OK  [0m] Reached target Cloud-init target.

Ubuntu 18.04.3 LTS ubuntu-bionic ttyS0

ubuntu-bionic login: 